 
****************************************
Report : clocks
Design : Master
Version: V-2023.12-SP5-1
Date   : Mon Jun  2 22:08:30 2025
****************************************

Attributes:
    d - dont_touch_network
    f - fix_hold
    p - propagated_clock
    G - generated_clock
    g - lib_generated_clock

Clock          Period   Waveform            Attrs     Sources
--------------------------------------------------------------------------------
ESC_CLK       100.000   {0 50}                        {TxClkEsc}
RX_ESC_CLK    100.000   {0 50}                        {clk_recovery_lp/RxClkEsc}
SYM_CLK         1.000   {0 0.5}                       {TxSymbolClkHS}
WORD_CLK        7.000   {0 3.5}                       {TxWordClkHs}
--------------------------------------------------------------------------------
1
